*** Post-namespace Warning (WAR_508): Unused flow
  at file C:\Users\Paiva\AppData\Local\Temp\ScadeChecker\4372\ErlunControl.scade, line 239, character 0
  at path ErlunControl/Up_Btn/
 The input variable Up_Btn is never used
*** Post-namespace Warning (WAR_508): Unused flow
  at file C:\Users\Paiva\AppData\Local\Temp\ScadeChecker\4372\ErlunControl.scade, line 243, character 0
  at path ErlunControl/Down_Btn/
 The input variable Down_Btn is never used
*** Post-namespace Warning (WAR_508): Unused flow
  at file C:\Users\Paiva\AppData\Local\Temp\ScadeChecker\4372\ErlunControl.scade, line 247, character 0
  at path ErlunControl/Left_Btn/
 The input variable Left_Btn is never used
*** Post-namespace Warning (WAR_508): Unused flow
  at file C:\Users\Paiva\AppData\Local\Temp\ScadeChecker\4372\ErlunControl.scade, line 251, character 0
  at path ErlunControl/Right_Btn/
 The input variable Right_Btn is never used
*** Post-namespace Warning (WAR_508): Unused flow
  at file C:\Users\Paiva\AppData\Local\Temp\ScadeChecker\4372\ErlunControl.scade, line 255, character 0
  at path ErlunControl/Speed_Btn/
 The input variable Speed_Btn is never used
