$********** SCADE Suite KCG 32-bit 6.6 (build i15) ***********
** Command: kcg66.exe -config C:/Users/victo/SCADE/batimento/KCG/config.txt
** Generation date: 2017-10-26T17:58:51
*************************************************************$
*** Post-namespace Warning (WAR_508): Unused flow
  at file C:/Users/victo/SCADE/batimento/Operator1.xscade, line 6, character 19
  at path batimento/Emit/
 The local variable Emit is never used
*** Post-namespace Warning (WAR_508): Unused flow
  at file C:/Users/victo/SCADE/batimento/Operator1.xscade, line 25, character 19
  at path batimento/p1/
 The local variable p1 is never used
*** Post-namespace Warning (WAR_508): Unused flow
  at file C:/Users/victo/SCADE/batimento/Operator1.xscade, line 44, character 19
  at path batimento/p2/
 The local variable p2 is never used
*** Post-namespace Warning (WAR_508): Unused flow
  at file C:/Users/victo/SCADE/batimento/Operator1.xscade, line 63, character 19
  at path batimento/p3/
 The local variable p3 is never used
*** Post-namespace Warning (WAR_508): Unused flow
  at file C:/Users/victo/SCADE/batimento/Operator1.xscade, line 82, character 19
  at path batimento/p4/
 The local variable p4 is never used
*** Post-namespace Warning (WAR_508): Unused flow
  at file C:/Users/victo/SCADE/batimento/Operator1.xscade, line 101, character 19
  at path batimento/p5/
 The local variable p5 is never used
*** Type Warning (WAR_151): Internal state expected
  at file C:/Users/victo/SCADE/batimento/Operator1.xscade, line 4, character 29
  at path batimento/
 Node batimento has no internal state
 (it should probably be declared as a function)
7 warnings were found
No error was found
No failure occurred
$********** SCADE Suite KCG 32-bit 6.6 (build i15) ***********
** kcg.log
** Generation date: 2017-10-26T17:58:56
*************************************************************$
