$**************  SCADETOC Version R17 (build i15) **************
** Generation date: 2017-10-26T20:32:14
** Command: scade -code "C:\Users\victo\SCADE\batimento\batimento.etp" -root batimento -conf Simulation -build -all
*************************************************************$
*** Generated Files Information (GENFIL): KCG- Generated files
 ~mapping.xml
  at file C:\Users\victo\SCADE\batimento\Simulation\mapping.xml, line 0, character 0
 ~kcg_metrics.txt
  at file C:\Users\victo\SCADE\batimento\Simulation\kcg_metrics.txt, line 0, character 0
 ~batimento.c
  at file C:\Users\victo\SCADE\batimento\Simulation\batimento.c, line 0, character 0
 ~NumericToFloat32_math_uint32.c
  at file C:\Users\victo\SCADE\batimento\Simulation\NumericToFloat32_math_uint32.c, line 0, character 0
 ~batimento.h
  at file C:\Users\victo\SCADE\batimento\Simulation\batimento.h, line 0, character 0
 ~NumericToFloat32_math_uint32.h
  at file C:\Users\victo\SCADE\batimento\Simulation\NumericToFloat32_math_uint32.h, line 0, character 0
 ~kcg_types.h
  at file C:\Users\victo\SCADE\batimento\Simulation\kcg_types.h, line 0, character 0
 ~kcg_consts.h
  at file C:\Users\victo\SCADE\batimento\Simulation\kcg_consts.h, line 0, character 0
 ~kcg_sensors.h
  at file C:\Users\victo\SCADE\batimento\Simulation\kcg_sensors.h, line 0, character 0
 ~kcg_imported_functions.h
  at file C:\Users\victo\SCADE\batimento\Simulation\kcg_imported_functions.h, line 0, character 0
 ~kcg_types.c
  at file C:\Users\victo\SCADE\batimento\Simulation\kcg_types.c, line 0, character 0
 ~kcg_consts.c
  at file C:\Users\victo\SCADE\batimento\Simulation\kcg_consts.c, line 0, character 0
 ~config.txt
  at file C:\Users\victo\SCADE\batimento\Simulation\config.txt, line 0, character 0
*** Generated Files Information (GENFIL): Code Generator Generated files
 ~user_macros.h
  at file C:\Users\victo\SCADE\batimento\Simulation\user_macros.h, line 0, character 0
 ~kcg_imported_types.h
  at file C:\Users\victo\SCADE\batimento\Simulation\kcg_imported_types.h, line 0, character 0
 ~sc2c.log
  at file C:\Users\victo\SCADE\batimento\Simulation\sc2c.log, line 0, character 0
 ~sc2c_integration_files.txt
  at file C:\Users\victo\SCADE\batimento\Simulation\sc2c_integration_files.txt, line 0, character 0
*** Generated Files Information (GENFIL): Simulator Generated files
 ~batimento_cosim.c
  at file C:\Users\victo\SCADE\batimento\Simulation\batimento_cosim.c, line 0, character 0
 ~batimento_interface.h
  at file C:\Users\victo\SCADE\batimento\Simulation\batimento_interface.h, line 0, character 0
 ~batimento_interface.c
  at file C:\Users\victo\SCADE\batimento\Simulation\batimento_interface.c, line 0, character 0
 ~batimento_dll.c
  at file C:\Users\victo\SCADE\batimento\Simulation\batimento_dll.c, line 0, character 0
*** Generated Files Information (GENFIL): Type Utils Generated files
 ~batimento_type.h
  at file C:\Users\victo\SCADE\batimento\Simulation\batimento_type.h, line 0, character 0
 ~batimento_type.c
  at file C:\Users\victo\SCADE\batimento\Simulation\batimento_type.c, line 0, character 0
*** Generated Files Information (GENFIL): Snapshot API Generated files
 ~batimento_snapshot.h
  at file C:\Users\victo\SCADE\batimento\Simulation\batimento_snapshot.h, line 0, character 0
 ~batimento_snapshot.c
  at file C:\Users\victo\SCADE\batimento\Simulation\batimento_snapshot.c, line 0, character 0
*** Generated Files Information (GENFIL): Mapping Utils Generated files
 ~batimento_mapping.h
  at file C:\Users\victo\SCADE\batimento\Simulation\batimento_mapping.h, line 0, character 0
 ~batimento_mapping.c
  at file C:\Users\victo\SCADE\batimento\Simulation\batimento_mapping.c, line 0, character 0
*** Generated Files Information (GENFIL): SCADE UA Adaptor Generated files
 ~batimento_UA_1.h
  at file C:\Users\victo\SCADE\batimento\Simulation\batimento_UA_1.h, line 0, character 0
 ~batimento_UA_1.c
  at file C:\Users\victo\SCADE\batimento\Simulation\batimento_UA_1.c, line 0, character 0
 ~batimento_UA_1_constants.h
  at file C:\Users\victo\SCADE\batimento\Simulation\batimento_UA_1_constants.h, line 0, character 0
 ~batimento_UA_1_private.h
  at file C:\Users\victo\SCADE\batimento\Simulation\batimento_UA_1_private.h, line 0, character 0
 ~batimento_UA_1_private.c
  at file C:\Users\victo\SCADE\batimento\Simulation\batimento_UA_1_private.c, line 0, character 0
 ~batimento_UA_1_LAY_1.c
  at file C:\Users\victo\SCADE\batimento\Simulation\batimento_UA_1_LAY_1.c, line 0, character 0
 ~batimento_UA_1_uaadaptor.log
  at file C:\Users\victo\SCADE\batimento\Simulation\batimento_UA_1_uaadaptor.log, line 0, character 0
*** Generated Files Information (GENFIL): Build Generated files
 ~Makefile
  at file C:\Users\victo\SCADE\batimento\Simulation\Makefile, line 0, character 0
 ~batimento.dll
  at file C:\Users\victo\SCADE\batimento\Simulation\batimento.dll, line 0, character 0
 ~batimento.exe
  at file C:\Users\victo\SCADE\batimento\Simulation\batimento.exe, line 0, character 0
$**************  SCADETOC Version R17 (build i15) **************
** Generation date: 2017-10-26T20:33:02
** sc2c.log
*************************************************************$
